{"type":"before","callId":"hook@Before Hooks@1","wallTime":1686000467921,"startTime":2904484089.456,"class":"Test","method":"step","apiName":"Before Hooks","params":{},"stack":[]}
{"type":"before","callId":"fixture@fixture: browser@2","parentId":"hook@Before Hooks@1","wallTime":1686000467944,"startTime":2904484112.158,"class":"Test","method":"step","apiName":"fixture: browser","params":{},"stack":[]}
{"type":"before","callId":"pw:api@browserType.launch@3","parentId":"fixture@fixture: browser@2","wallTime":1686000467946,"startTime":2904484116.515,"class":"Test","method":"step","apiName":"browserType.launch","params":{"handleSIGINT":"false","timeout":"0","headless":"false","tracesDir":"/Users/lupec/PlayWright_CheckersGame/test-results/.playwright-artifacts-0/traces","ignoreDefaultArgs":"undefined","ignoreAllDefaultArgs":"false","env":"undefined"},"stack":[]}
{"type":"after","callId":"pw:api@browserType.launch@3","endTime":2904484710.753,"log":[],"attachments":[]}
{"type":"after","callId":"fixture@fixture: browser@2","endTime":2904484710.855,"log":[],"attachments":[]}
{"type":"before","callId":"fixture@fixture: context@4","parentId":"hook@Before Hooks@1","wallTime":1686000468545,"startTime":2904484712.814,"class":"Test","method":"step","apiName":"fixture: context","params":{},"stack":[]}
{"type":"before","callId":"pw:api@browser.newContext@5","parentId":"fixture@fixture: context@4","wallTime":1686000468547,"startTime":2904484714.77,"class":"Test","method":"step","apiName":"browser.newContext","params":{"acceptDownloads":"true","bypassCSP":"false","colorScheme":"light","deviceScaleFactor":"1","hasTouch":"false","ignoreHTTPSErrors":"false","isMobile":"false","javaScriptEnabled":"true","locale":"en-US","offline":"false","userAgent":"Mozilla/5.0 (Windows NT 10.0; Win64; x64) AppleWebKit/537.36 (KHTML, like Gecko) Chrome/114.0.5735.35 Safari/537.36","viewport":"Object","serviceWorkers":"allow","noDefaultViewport":"false","extraHTTPHeaders":"undefined","storageState":"undefined","recordHar":"undefined","reducedMotion":"undefined","forcedColors":"undefined"},"stack":[]}
{"type":"after","callId":"pw:api@browser.newContext@5","endTime":2904484723.161,"log":[],"attachments":[]}
{"type":"before","callId":"pw:api@tracing.start@6","parentId":"fixture@fixture: context@4","wallTime":1686000468559,"startTime":2904484728.045,"class":"Test","method":"step","apiName":"tracing.start","params":{"screenshots":"true","snapshots":"true","sources":"true","attachments":"true","title":"CheckersGameTest.spec.js:5 › CheckersValidation","name":"8d9d168934f1099b6368-d47334b0b84af7093464"},"stack":[]}
{"type":"after","callId":"pw:api@tracing.start@6","endTime":2904484730.555,"log":[],"attachments":[]}
{"type":"after","callId":"fixture@fixture: context@4","endTime":2904484731.753,"log":[],"attachments":[]}
{"type":"before","callId":"fixture@fixture: page@7","parentId":"hook@Before Hooks@1","wallTime":1686000468564,"startTime":2904484732.428,"class":"Test","method":"step","apiName":"fixture: page","params":{},"stack":[]}
{"type":"before","callId":"pw:api@browserContext.newPage@8","parentId":"fixture@fixture: page@7","wallTime":1686000468566,"startTime":2904484733.849,"class":"Test","method":"step","apiName":"browserContext.newPage","params":{},"stack":[]}
{"type":"after","callId":"pw:api@browserContext.newPage@8","endTime":2904485494.432,"log":[],"attachments":[]}
{"type":"after","callId":"fixture@fixture: page@7","endTime":2904485494.483,"log":[],"attachments":[]}
{"type":"after","callId":"hook@Before Hooks@1","endTime":2904485494.563,"log":[],"attachments":[]}
{"type":"before","callId":"pw:api@page.goto(https://www.gamesforthebrain.com/game/checkers/)@9","wallTime":1686000469332,"startTime":2904485501.08,"class":"Test","method":"step","apiName":"page.goto","params":{"url":"https://www.gamesforthebrain.com/game/checkers/","waitUntil":"load"},"stack":[{"file":"/Users/lupec/PlayWright_CheckersGame/Pages/NavigationPage.js","line":16,"column":25,"function":"Navigation.navigateToCheckersPage"}]}
{"type":"after","callId":"pw:api@page.goto(https://www.gamesforthebrain.com/game/checkers/)@9","endTime":2904486842.604,"log":[],"attachments":[]}
{"type":"before","callId":"expect@expect.toHaveURL@10","wallTime":1686000470676,"startTime":2904486844.33,"class":"Test","method":"step","apiName":"expect.toHaveURL","params":{"expected":"https://www.gamesforthebrain.com/game/checkers/"},"stack":[{"file":"/Users/lupec/PlayWright_CheckersGame/Pages/NavigationPage.js","line":21,"column":31,"function":"Navigation.verifyNavigatedToSite"}]}
{"type":"before","callId":"pw:api@locator.click(xpath=//img[@name='space62'])@11","wallTime":1686000470683,"startTime":2904486851.776,"class":"Test","method":"step","apiName":"locator.click","params":{"selector":"xpath=//img[@name='space62']","strict":"true"},"stack":[{"file":"/Users/lupec/PlayWright_CheckersGame/Pages/CheckersGamePage.js","line":14,"column":79,"function":"CheckersPage.moveToSpace"}]}
{"type":"after","callId":"expect@expect.toHaveURL@10","endTime":2904486881.287,"log":[],"attachments":[]}
{"type":"after","callId":"pw:api@locator.click(xpath=//img[@name='space62'])@11","endTime":2904486925.481,"log":[],"attachments":[]}
{"type":"before","callId":"pw:api@locator.click(xpath=//img[@name='space73'])@12","wallTime":1686000470758,"startTime":2904486926.174,"class":"Test","method":"step","apiName":"locator.click","params":{"selector":"xpath=//img[@name='space73']","strict":"true"},"stack":[{"file":"/Users/lupec/PlayWright_CheckersGame/Pages/CheckersGamePage.js","line":16,"column":83,"function":"CheckersPage.moveToSpace"}]}
{"type":"after","callId":"pw:api@locator.click(xpath=//img[@name='space73'])@12","endTime":2904486974.979,"log":[],"attachments":[]}
{"type":"before","callId":"expect@expect.toBeVisible@13","wallTime":1686000470808,"startTime":2904486976.024,"class":"Test","method":"step","apiName":"expect.toBeVisible","params":{},"stack":[{"file":"/Users/lupec/PlayWright_CheckersGame/Pages/CheckersGamePage.js","line":32,"column":40,"function":"CheckersPage.confirmNextMoveCanBeMade"}]}
{"type":"after","callId":"expect@expect.toBeVisible@13","endTime":2904486984.195,"log":[],"attachments":[]}
{"type":"before","callId":"pw:api@locator.click(xpath=//img[@name='space42'])@14","wallTime":1686000470817,"startTime":2904486985.029,"class":"Test","method":"step","apiName":"locator.click","params":{"selector":"xpath=//img[@name='space42']","strict":"true"},"stack":[{"file":"/Users/lupec/PlayWright_CheckersGame/Pages/CheckersGamePage.js","line":14,"column":79,"function":"CheckersPage.moveToSpace"}]}
{"type":"after","callId":"pw:api@locator.click(xpath=//img[@name='space42'])@14","endTime":2904487025.492,"log":[],"attachments":[]}
{"type":"before","callId":"pw:api@locator.click(xpath=//img[@name='space53'])@15","wallTime":1686000470858,"startTime":2904487026.661,"class":"Test","method":"step","apiName":"locator.click","params":{"selector":"xpath=//img[@name='space53']","strict":"true"},"stack":[{"file":"/Users/lupec/PlayWright_CheckersGame/Pages/CheckersGamePage.js","line":16,"column":83,"function":"CheckersPage.moveToSpace"}]}
{"type":"after","callId":"pw:api@locator.click(xpath=//img[@name='space53'])@15","endTime":2904487073.269,"log":[],"attachments":[]}
{"type":"before","callId":"expect@expect.toBeVisible@16","wallTime":1686000470906,"startTime":2904487074.276,"class":"Test","method":"step","apiName":"expect.toBeVisible","params":{},"stack":[{"file":"/Users/lupec/PlayWright_CheckersGame/Pages/CheckersGamePage.js","line":32,"column":40,"function":"CheckersPage.confirmNextMoveCanBeMade"}]}
{"type":"after","callId":"expect@expect.toBeVisible@16","endTime":2904487082.044,"log":[],"attachments":[]}
{"type":"before","callId":"pw:api@locator.click(xpath=//img[@name='space22'])@17","wallTime":1686000470915,"startTime":2904487083.557,"class":"Test","method":"step","apiName":"locator.click","params":{"selector":"xpath=//img[@name='space22']","strict":"true"},"stack":[{"file":"/Users/lupec/PlayWright_CheckersGame/Pages/CheckersGamePage.js","line":14,"column":79,"function":"CheckersPage.moveToSpace"}]}
{"type":"after","callId":"pw:api@locator.click(xpath=//img[@name='space22'])@17","endTime":2904487128.578,"log":[],"attachments":[]}
{"type":"before","callId":"pw:api@locator.click(xpath=//img[@name='space33'])@18","wallTime":1686000470961,"startTime":2904487129.373,"class":"Test","method":"step","apiName":"locator.click","params":{"selector":"xpath=//img[@name='space33']","strict":"true"},"stack":[{"file":"/Users/lupec/PlayWright_CheckersGame/Pages/CheckersGamePage.js","line":16,"column":83,"function":"CheckersPage.moveToSpace"}]}
{"type":"after","callId":"pw:api@locator.click(xpath=//img[@name='space33'])@18","endTime":2904487174.14,"log":[],"attachments":[]}
{"type":"before","callId":"expect@expect.toBeVisible@19","wallTime":1686000471007,"startTime":2904487174.881,"class":"Test","method":"step","apiName":"expect.toBeVisible","params":{},"stack":[{"file":"/Users/lupec/PlayWright_CheckersGame/Pages/CheckersGamePage.js","line":32,"column":40,"function":"CheckersPage.confirmNextMoveCanBeMade"}]}
{"type":"after","callId":"expect@expect.toBeVisible@19","endTime":2904487181.585,"log":[],"attachments":[]}
{"type":"before","callId":"pw:api@locator.click(xpath=//img[@name='space11'])@20","wallTime":1686000471014,"startTime":2904487182.924,"class":"Test","method":"step","apiName":"locator.click","params":{"selector":"xpath=//img[@name='space11']","strict":"true"},"stack":[{"file":"/Users/lupec/PlayWright_CheckersGame/Pages/CheckersGamePage.js","line":21,"column":79,"function":"CheckersPage.doubleJump"}]}
{"type":"after","callId":"pw:api@locator.click(xpath=//img[@name='space11'])@20","endTime":2904487222.984,"log":[],"attachments":[]}
{"type":"before","callId":"pw:api@locator.click(xpath=//img[@name='space33'])@21","wallTime":1686000471056,"startTime":2904487223.939,"class":"Test","method":"step","apiName":"locator.click","params":{"selector":"xpath=//img[@name='space33']","strict":"true"},"stack":[{"file":"/Users/lupec/PlayWright_CheckersGame/Pages/CheckersGamePage.js","line":23,"column":83,"function":"CheckersPage.doubleJump"}]}
{"type":"after","callId":"pw:api@locator.click(xpath=//img[@name='space33'])@21","endTime":2904487301.199,"log":[],"attachments":[]}
{"type":"before","callId":"pw:api@locator.click(xpath=//img[@name='space15'])@22","wallTime":1686000471134,"startTime":2904487302.098,"class":"Test","method":"step","apiName":"locator.click","params":{"selector":"xpath=//img[@name='space15']","strict":"true"},"stack":[{"file":"/Users/lupec/PlayWright_CheckersGame/Pages/CheckersGamePage.js","line":25,"column":81,"function":"CheckersPage.doubleJump"}]}
{"type":"after","callId":"pw:api@locator.click(xpath=//img[@name='space15'])@22","endTime":2904487372.538,"log":[],"attachments":[]}
{"type":"before","callId":"expect@expect.toBeVisible@23","wallTime":1686000471205,"startTime":2904487373.288,"class":"Test","method":"step","apiName":"expect.toBeVisible","params":{},"stack":[{"file":"/Users/lupec/PlayWright_CheckersGame/Pages/CheckersGamePage.js","line":32,"column":40,"function":"CheckersPage.confirmNextMoveCanBeMade"}]}
{"type":"after","callId":"expect@expect.toBeVisible@23","endTime":2904487378.735,"log":[],"attachments":[]}
{"type":"before","callId":"pw:api@locator.click(xpath=//img[@name='space31'])@24","wallTime":1686000471211,"startTime":2904487379.657,"class":"Test","method":"step","apiName":"locator.click","params":{"selector":"xpath=//img[@name='space31']","strict":"true"},"stack":[{"file":"/Users/lupec/PlayWright_CheckersGame/Pages/CheckersGamePage.js","line":14,"column":79,"function":"CheckersPage.moveToSpace"}]}
{"type":"after","callId":"pw:api@locator.click(xpath=//img[@name='space31'])@24","endTime":2904487422.959,"log":[],"attachments":[]}
{"type":"before","callId":"pw:api@locator.click(xpath=//img[@name='space22'])@25","wallTime":1686000471256,"startTime":2904487423.678,"class":"Test","method":"step","apiName":"locator.click","params":{"selector":"xpath=//img[@name='space22']","strict":"true"},"stack":[{"file":"/Users/lupec/PlayWright_CheckersGame/Pages/CheckersGamePage.js","line":16,"column":83,"function":"CheckersPage.moveToSpace"}]}
{"type":"after","callId":"pw:api@locator.click(xpath=//img[@name='space22'])@25","endTime":2904487456.661,"log":[],"attachments":[]}
{"type":"before","callId":"pw:api@locator.getByText('Restart...').click@26","wallTime":1686000471289,"startTime":2904487457.897,"class":"Test","method":"step","apiName":"locator.click","params":{"selector":"internal:text=\"Restart...\"i","strict":"true"},"stack":[{"file":"/Users/lupec/PlayWright_CheckersGame/Pages/CheckersGamePage.js","line":37,"column":49,"function":"CheckersPage.clickRestartButton"}]}
{"type":"after","callId":"pw:api@locator.getByText('Restart...').click@26","endTime":2904487836.99,"log":[],"attachments":[]}
{"type":"before","callId":"pw:api@locator.getAttribute(xpath=//img[@name='space62'])@27","wallTime":1686000471670,"startTime":2904487838.214,"class":"Test","method":"step","apiName":"locator.getAttribute","params":{"selector":"xpath=//img[@name='space62']","name":"src","strict":"true"},"stack":[{"file":"/Users/lupec/PlayWright_CheckersGame/Pages/CheckersGamePage.js","line":42,"column":75,"function":"CheckersPage.verifyRestart"}]}
{"type":"after","callId":"pw:api@locator.getAttribute(xpath=//img[@name='space62'])@27","endTime":2904487929.248,"log":[],"attachments":[]}
{"type":"before","callId":"expect@expect.toEqual@28","wallTime":1686000471762,"startTime":2904487929.934,"class":"Test","method":"step","apiName":"expect.toEqual","params":{"expected":"you1.gif"},"stack":[{"file":"/Users/lupec/PlayWright_CheckersGame/Pages/CheckersGamePage.js","line":44,"column":27,"function":"CheckersPage.verifyRestart"}]}
{"type":"after","callId":"expect@expect.toEqual@28","endTime":2904487930.462,"log":[],"attachments":[]}
{"type":"before","callId":"hook@After Hooks@29","wallTime":1686000471763,"startTime":2904487930.667,"class":"Test","method":"step","apiName":"After Hooks","params":{},"stack":[]}
{"type":"before","callId":"fixture@fixture: page@30","parentId":"hook@After Hooks@29","wallTime":1686000471764,"startTime":2904487931.568,"class":"Test","method":"step","apiName":"fixture: page","params":{},"stack":[]}
{"type":"after","callId":"fixture@fixture: page@30","endTime":2904487931.648,"log":[],"attachments":[]}
{"type":"before","callId":"fixture@fixture: context@31","parentId":"hook@After Hooks@29","wallTime":1686000471764,"startTime":2904487931.706,"class":"Test","method":"step","apiName":"fixture: context","params":{},"stack":[]}
{"type":"after","callId":"fixture@fixture: context@31","endTime":2904487931.731,"log":[],"attachments":[]}
{"type":"after","callId":"hook@After Hooks@29","endTime":2904488166.185,"log":[],"attachments":[]}